1624554163239	mozrunner::runner	INFO	Running command: "/usr/bin/firefox" "-marionette" "-foreground" "-no-remote" "-profile" "/tmp/rust_mozprofile.vH70JSIvSHFi"
1624554165937	Marionette	INFO	Marionette enabled
console.warn: SearchSettings: "get: No settings file exists, new profile?" (new NotFoundError("Could not open the file at /tmp/rust_mozprofile.vH70JSIvSHFi/search.json.mozlz4", (void 0)))
1624554173088	Marionette	INFO	Listening on port 40671
1624554173209	Marionette	WARN	TLS certificate errors will be ignored for this session
1624554190119	Marionette	INFO	Stopped listening on port 40671
1624555220214	mozrunner::runner	INFO	Running command: "/usr/bin/firefox" "-marionette" "-foreground" "-no-remote" "-profile" "/tmp/rust_mozprofile.mSeRxEdYimty"
1624555222552	Marionette	INFO	Marionette enabled
console.warn: SearchSettings: "get: No settings file exists, new profile?" (new NotFoundError("Could not open the file at /tmp/rust_mozprofile.mSeRxEdYimty/search.json.mozlz4", (void 0)))
1624555228523	Marionette	INFO	Listening on port 44349
1624555228572	Marionette	WARN	TLS certificate errors will be ignored for this session
1624555254332	Marionette	INFO	Stopped listening on port 44349

###!!! [Parent][RunMessage] Error: Channel closing: too late to send/recv, messages will be lost

1624555391431	mozrunner::runner	INFO	Running command: "/usr/bin/firefox" "-marionette" "-foreground" "-no-remote" "-profile" "/tmp/rust_mozprofile.wFmSgsexryar"
1624555393115	Marionette	INFO	Marionette enabled
console.warn: SearchSettings: "get: No settings file exists, new profile?" (new NotFoundError("Could not open the file at /tmp/rust_mozprofile.wFmSgsexryar/search.json.mozlz4", (void 0)))
1624555398730	Marionette	INFO	Listening on port 40571
1624555398779	Marionette	WARN	TLS certificate errors will be ignored for this session
1624555428301	mozrunner::runner	INFO	Running command: "/usr/bin/firefox" "-marionette" "-foreground" "-no-remote" "-profile" "/tmp/rust_mozprofile.v4Bpbiu74Ugz"
1624555428570	Marionette	INFO	Stopped listening on port 40571
1624555430859	Marionette	INFO	Marionette enabled
console.warn: SearchSettings: "get: No settings file exists, new profile?" (new NotFoundError("Could not open the file at /tmp/rust_mozprofile.v4Bpbiu74Ugz/search.json.mozlz4", (void 0)))
console.error: Region.jsm: "Error fetching region" (new AbortError("The operation was aborted. ", (void 0), 770))
console.error: Region.jsm: "Failed to fetch region" (new Error("NO_RESULT", "resource://gre/modules/Region.jsm", 419))
1624555439095	Marionette	INFO	Listening on port 46341
1624555439161	Marionette	WARN	TLS certificate errors will be ignored for this session
1624555442112	Marionette	INFO	Stopped listening on port 46341
JavaScript error: resource://gre/modules/UrlClassifierListManager.jsm, line 691: TypeError: this.tablesData[table] is undefined
console.log: "RemoteSettingsWorker error: Error: Can't import when we've started shutting down."
console.log: "RemoteSettingsWorker error: Error: Can't import when we've started shutting down."
console.log: "RemoteSettingsWorker error: Error: Can't import when we've started shutting down."
console.log: "RemoteSettingsWorker error: Error: Can't import when we've started shutting down."
JavaScript error: resource://gre/modules/Sqlite.jsm, line 927: Error: Connection is not open.
JavaScript error: , line 0: AbortError: A request was aborted, for example through a call to IDBTransaction.abort.
JavaScript error: , line 0: AbortError: A request was aborted, for example through a call to IDBTransaction.abort.

###!!! [Parent][RunMessage] Error: Channel closing: too late to send/recv, messages will be lost

